<?xml version="1.0" encoding="UTF-8"?>
<!-- Generated by org.testng.reporters.JUnitReportReporter -->
<testsuite hostname="LAPTOP-RK93O4LE" failures="0" tests="3" name="SeleniumPractice.CustomerModule" time="0.036" errors="0" timestamp="2022-06-18T19:10:09 IST" skipped="0">
  <testcase classname="SeleniumPractice.CustomerModule" name="modifyCustomer" time="0.005"/>
  <system-out>
    <![CDATA[modifyCustomer]]>
  </system-out>
  <testcase classname="SeleniumPractice.CustomerModule" name="createCustomer" time="0.018"/>
  <system-out>
    <![CDATA[createCustomer]]>
  </system-out>
  <testcase classname="SeleniumPractice.CustomerModule" name="deleteCustomer" time="0.013"/>
  <system-out>
    <![CDATA[deleteCustomer]]>
  </system-out>
</testsuite> <!-- SeleniumPractice.CustomerModule -->
